<?xml version="1.0" encoding="UTF-8"?>
<testng-results ignored="0" total="1" passed="1" failed="0" skipped="0">
  <reporter-output>
  </reporter-output>
  <suite started-at="2024-12-03T15:38:40 IST" name="Default suite" finished-at="2024-12-03T15:39:10 IST" duration-ms="30219">
    <groups>
    </groups>
    <test started-at="2024-12-03T15:38:40 IST" name="Default test" finished-at="2024-12-03T15:39:10 IST" duration-ms="30219">
      <class name="FunctionalityTesting.DemoTestCase">
        <test-method is-config="true" signature="BeforeSuite()[pri:0, instance:FunctionalityTesting.DemoTestCase@35841320]" started-at="2024-12-03T15:38:40 IST" name="BeforeSuite" finished-at="2024-12-03T15:38:40 IST" duration-ms="18" status="PASS">
          <reporter-output>
          </reporter-output>
        </test-method> <!-- BeforeSuite -->
        <test-method is-config="true" signature="BeforeTest()[pri:0, instance:FunctionalityTesting.DemoTestCase@35841320]" started-at="2024-12-03T15:38:40 IST" name="BeforeTest" finished-at="2024-12-03T15:38:40 IST" duration-ms="2" status="PASS">
          <reporter-output>
          </reporter-output>
        </test-method> <!-- BeforeTest -->
        <test-method is-config="true" signature="preCondition()[pri:0, instance:FunctionalityTesting.DemoTestCase@35841320]" started-at="2024-12-03T15:38:40 IST" name="preCondition" finished-at="2024-12-03T15:38:44 IST" duration-ms="4332" status="PASS">
          <reporter-output>
          </reporter-output>
        </test-method> <!-- preCondition -->
        <test-method is-config="true" signature="BeforeMethod()[pri:0, instance:FunctionalityTesting.DemoTestCase@35841320]" started-at="2024-12-03T15:38:44 IST" name="BeforeMethod" finished-at="2024-12-03T15:38:48 IST" duration-ms="3597" status="PASS">
          <reporter-output>
          </reporter-output>
        </test-method> <!-- BeforeMethod -->
        <test-method signature="org_page()[pri:0, instance:FunctionalityTesting.DemoTestCase@35841320]" started-at="2024-12-03T15:38:48 IST" name="org_page" finished-at="2024-12-03T15:39:06 IST" duration-ms="17698" status="PASS">
          <reporter-output>
          </reporter-output>
        </test-method> <!-- org_page -->
        <test-method is-config="true" signature="logout()[pri:0, instance:FunctionalityTesting.DemoTestCase@35841320]" started-at="2024-12-03T15:39:06 IST" name="logout" finished-at="2024-12-03T15:39:10 IST" duration-ms="4055" status="PASS">
          <reporter-output>
          </reporter-output>
        </test-method> <!-- logout -->
        <test-method is-config="true" signature="AfterMethod()[pri:0, instance:FunctionalityTesting.DemoTestCase@35841320]" started-at="2024-12-03T15:39:10 IST" name="AfterMethod" finished-at="2024-12-03T15:39:10 IST" duration-ms="1" status="PASS">
          <reporter-output>
          </reporter-output>
        </test-method> <!-- AfterMethod -->
        <test-method is-config="true" signature="AfterTest()[pri:0, instance:FunctionalityTesting.DemoTestCase@35841320]" started-at="2024-12-03T15:39:10 IST" name="AfterTest" finished-at="2024-12-03T15:39:10 IST" duration-ms="1" status="PASS">
          <reporter-output>
          </reporter-output>
        </test-method> <!-- AfterTest -->
        <test-method is-config="true" signature="AfterSuite()[pri:0, instance:FunctionalityTesting.DemoTestCase@35841320]" started-at="2024-12-03T15:39:10 IST" name="AfterSuite" finished-at="2024-12-03T15:39:10 IST" duration-ms="1" status="PASS">
          <reporter-output>
          </reporter-output>
        </test-method> <!-- AfterSuite -->
      </class> <!-- FunctionalityTesting.DemoTestCase -->
    </test> <!-- Default test -->
  </suite> <!-- Default suite -->
</testng-results>
